[nioEventLoopGroup-3-3][2016-09-04 12:30:12,712][ERROR, (PerformanceMonitor.java:62).authLog] 耗时操作:auth:1351
[nioEventLoopGroup-3-2][2016-09-04 12:30:14,808][ERROR, (PerformanceMonitor.java:62).authLog] 耗时操作:auth:425
[nioEventLoopGroup-3-3][2016-09-04 12:30:16,461][ERROR, (PerformanceMonitor.java:62).authLog] 耗时操作:match:143
[nioEventLoopGroup-3-1][2016-09-04 12:32:39,698][ERROR, (PerformanceMonitor.java:62).authLog] 耗时操作:auth:227
[nioEventLoopGroup-3-4][2016-09-04 12:37:07,163][ERROR, (PerformanceMonitor.java:62).authLog] 耗时操作:auth:224
[nioEventLoopGroup-3-3][2016-09-04 12:40:12,799][ERROR, (PerformanceMonitor.java:62).authLog] 耗时操作:auth:1078
[nioEventLoopGroup-3-4][2016-09-04 12:40:14,689][ERROR, (PerformanceMonitor.java:62).authLog] 耗时操作:auth:430
[nioEventLoopGroup-3-4][2016-09-04 12:40:23,348][ERROR, (PerformanceMonitor.java:62).authLog] 耗时操作:match:7070
[nioEventLoopGroup-3-1][2016-09-04 12:41:20,302][ERROR, (PerformanceMonitor.java:62).authLog] 耗时操作:auth:228
[nioEventLoopGroup-3-2][2016-09-04 12:41:25,523][ERROR, (PerformanceMonitor.java:62).authLog] 耗时操作:auth:227
[nioEventLoopGroup-3-3][2016-09-04 12:49:02,190][ERROR, (PerformanceMonitor.java:62).authLog] 耗时操作:auth:1058
[nioEventLoopGroup-3-4][2016-09-04 12:49:04,287][ERROR, (PerformanceMonitor.java:62).authLog] 耗时操作:auth:423
[nioEventLoopGroup-3-4][2016-09-04 12:49:19,923][ERROR, (PerformanceMonitor.java:62).authLog] 耗时操作:match:2150
[nioEventLoopGroup-3-2][2016-09-04 12:49:45,349][ERROR, (PerformanceMonitor.java:62).authLog] 耗时操作:auth:232
[nioEventLoopGroup-3-1][2016-09-04 12:49:48,418][ERROR, (PerformanceMonitor.java:62).authLog] 耗时操作:auth:231
[nioEventLoopGroup-3-1][2016-09-04 12:56:00,173][ERROR, (PerformanceMonitor.java:62).authLog] 耗时操作:auth:105
[nioEventLoopGroup-3-3][2016-09-04 13:00:23,623][ERROR, (PerformanceMonitor.java:62).authLog] 耗时操作:auth:972
[nioEventLoopGroup-3-2][2016-09-04 13:00:26,172][ERROR, (PerformanceMonitor.java:62).authLog] 耗时操作:auth:422
[nioEventLoopGroup-3-3][2016-09-04 13:02:47,372][ERROR, (PerformanceMonitor.java:62).authLog] 耗时操作:match:73747
[nioEventLoopGroup-3-4][2016-09-04 13:05:57,282][ERROR, (PerformanceMonitor.java:62).authLog] 耗时操作:auth:1130
[nioEventLoopGroup-3-3][2016-09-04 13:06:01,565][ERROR, (PerformanceMonitor.java:62).authLog] 耗时操作:auth:2368
[nioEventLoopGroup-3-1][2016-09-04 13:06:33,297][ERROR, (PerformanceMonitor.java:62).authLog] 耗时操作:auth:335
[nioEventLoopGroup-3-4][2016-09-04 13:06:51,628][ERROR, (PerformanceMonitor.java:62).authLog] 耗时操作:match:14875
[nioEventLoopGroup-3-1][2016-09-04 13:07:43,763][ERROR, (PerformanceMonitor.java:62).authLog] 耗时操作:match:48907
[nioEventLoopGroup-3-2][2016-09-04 13:11:48,631][ERROR, (PerformanceMonitor.java:62).authLog] 耗时操作:auth:1007
[nioEventLoopGroup-3-1][2016-09-04 13:11:52,554][ERROR, (PerformanceMonitor.java:62).authLog] 耗时操作:auth:416
[nioEventLoopGroup-3-1][2016-09-04 13:12:00,873][ERROR, (PerformanceMonitor.java:62).authLog] 耗时操作:match:2210
[nioEventLoopGroup-3-3][2016-09-04 13:19:08,340][ERROR, (PerformanceMonitor.java:62).authLog] 耗时操作:auth:274
[nioEventLoopGroup-3-1][2016-09-04 13:19:12,048][ERROR, (PerformanceMonitor.java:62).authLog] 耗时操作:auth:102
[nioEventLoopGroup-3-1][2016-09-04 13:22:42,809][ERROR, (PerformanceMonitor.java:62).authLog] 耗时操作:auth:104
[nioEventLoopGroup-3-4][2016-09-04 13:22:47,664][ERROR, (PerformanceMonitor.java:62).authLog] 耗时操作:auth:266
[nioEventLoopGroup-3-4][2016-09-04 13:31:57,512][ERROR, (PerformanceMonitor.java:62).authLog] 耗时操作:ejection:6931
[nioEventLoopGroup-3-1][2016-09-04 13:41:03,043][ERROR, (PerformanceMonitor.java:62).authLog] 耗时操作:auth:170
[nioEventLoopGroup-3-3][2016-09-04 13:41:08,433][ERROR, (PerformanceMonitor.java:62).authLog] 耗时操作:auth:105
[nioEventLoopGroup-3-1][2016-09-04 13:41:18,685][ERROR, (PerformanceMonitor.java:62).authLog] 耗时操作:match:146
[nioEventLoopGroup-3-2][2016-09-04 13:46:48,815][ERROR, (PerformanceMonitor.java:62).authLog] 耗时操作:auth:137
[nioEventLoopGroup-3-1][2016-09-04 13:46:59,226][ERROR, (PerformanceMonitor.java:62).authLog] 耗时操作:match:106
[nioEventLoopGroup-3-3][2016-09-04 13:50:51,733][ERROR, (PerformanceMonitor.java:62).authLog] 耗时操作:auth:1145
[nioEventLoopGroup-3-2][2016-09-04 13:50:57,093][ERROR, (PerformanceMonitor.java:62).authLog] 耗时操作:auth:411
[nioEventLoopGroup-3-2][2016-09-04 13:51:15,435][ERROR, (PerformanceMonitor.java:62).authLog] 耗时操作:match:6454
[nioEventLoopGroup-3-2][2016-09-04 13:51:34,977][ERROR, (PerformanceMonitor.java:62).authLog] 耗时操作:roundOver:8790
[nioEventLoopGroup-3-4][2016-09-04 13:53:16,427][ERROR, (PerformanceMonitor.java:62).authLog] 耗时操作:auth:244
[nioEventLoopGroup-3-1][2016-09-04 13:53:19,459][ERROR, (PerformanceMonitor.java:62).authLog] 耗时操作:auth:224
[nioEventLoopGroup-3-1][2016-09-04 13:53:33,193][ERROR, (PerformanceMonitor.java:62).authLog] 耗时操作:match:5458
[nioEventLoopGroup-3-3][2016-09-04 14:19:53,824][ERROR, (PerformanceMonitor.java:62).authLog] 耗时操作:auth:106
[nioEventLoopGroup-3-3][2016-09-04 14:26:48,885][ERROR, (PerformanceMonitor.java:62).authLog] 耗时操作:auth:108
[nioEventLoopGroup-3-1][2016-09-04 14:29:45,549][ERROR, (ResourceLeakDetector.java:259).reportLeak] LEAK: ByteBuf.release() was not called before it's garbage-collected. Enable advanced leak reporting to find out where the leak occurred. To enable advanced leak reporting, specify the JVM option '-Dio.netty.leakDetection.level=advanced' or call ResourceLeakDetector.setLevel() See http://netty.io/wiki/reference-counted-objects.html for more information.
[nioEventLoopGroup-3-1][2016-09-04 14:48:14,733][ERROR, (PerformanceMonitor.java:62).authLog] 耗时操作:auth:105
[nioEventLoopGroup-3-1][2016-09-04 14:49:11,325][ERROR, (PerformanceMonitor.java:62).authLog] 耗时操作:auth:110
[nioEventLoopGroup-3-1][2016-09-04 14:49:16,953][ERROR, (PerformanceMonitor.java:62).authLog] 耗时操作:match:169
[nioEventLoopGroup-3-2][2016-09-04 14:49:38,519][ERROR, (PerformanceMonitor.java:62).authLog] 耗时操作:auth:116
[nioEventLoopGroup-3-3][2016-09-04 14:49:44,562][ERROR, (PerformanceMonitor.java:62).authLog] 耗时操作:match:104
[nioEventLoopGroup-3-1][2016-09-04 17:32:42,134][ERROR, (PerformanceMonitor.java:62).authLog] 耗时操作:auth:1225
[nioEventLoopGroup-3-2][2016-09-04 17:33:05,216][ERROR, (PerformanceMonitor.java:62).authLog] 耗时操作:auth:234
[nioEventLoopGroup-3-3][2016-09-04 17:33:07,657][ERROR, (PerformanceMonitor.java:62).authLog] 耗时操作:auth:423
[nioEventLoopGroup-3-3][2016-09-04 17:33:10,735][ERROR, (PerformanceMonitor.java:62).authLog] 耗时操作:match:100
[nioEventLoopGroup-3-2][2016-09-04 17:33:43,992][ERROR, (PerformanceMonitor.java:62).authLog] 耗时操作:match:32474
[nioEventLoopGroup-3-2][2016-09-04 17:34:03,170][ERROR, (PerformanceMonitor.java:62).authLog] 耗时操作:roundOver:424
[nioEventLoopGroup-3-3][2016-09-04 17:35:56,765][ERROR, (PerformanceMonitor.java:62).authLog] 耗时操作:roundOver:61821
[nioEventLoopGroup-3-2][2016-09-04 17:37:00,486][ERROR, (Context.java:325).send] 无法发送response:-25:Invalid class [java.lang.String] no field use annotation @com.baidu.bjf.remoting.protobuf.annotation.Protobuf at class java.lang.String
[nioEventLoopGroup-3-2][2016-09-04 17:37:48,242][ERROR, (PerformanceMonitor.java:62).authLog] 耗时操作:roundOver:16831
[nioEventLoopGroup-3-2][2016-09-04 17:37:51,279][ERROR, (Context.java:325).send] 无法发送response:-25:Invalid class [java.lang.String] no field use annotation @com.baidu.bjf.remoting.protobuf.annotation.Protobuf at class java.lang.String
[nioEventLoopGroup-3-2][2016-09-04 17:38:19,874][ERROR, (PerformanceMonitor.java:62).authLog] 耗时操作:roundOver:13442
[nioEventLoopGroup-3-2][2016-09-04 17:39:54,818][ERROR, (Context.java:325).send] 无法发送response:-25:Invalid class [java.lang.String] no field use annotation @com.baidu.bjf.remoting.protobuf.annotation.Protobuf at class java.lang.String
[nioEventLoopGroup-3-2][2016-09-04 17:39:54,819][ERROR, (PerformanceMonitor.java:62).authLog] 耗时操作:roundOver:90876
[nioEventLoopGroup-3-2][2016-09-04 17:40:03,550][ERROR, (PerformanceMonitor.java:62).authLog] 耗时操作:roundOver:4264
[nioEventLoopGroup-3-3][2016-09-04 17:47:10,284][ERROR, (PerformanceMonitor.java:62).authLog] 耗时操作:auth:6009
[nioEventLoopGroup-3-4][2016-09-04 17:47:15,573][ERROR, (PerformanceMonitor.java:62).authLog] 耗时操作:auth:424
[nioEventLoopGroup-3-4][2016-09-04 17:47:50,218][ERROR, (PerformanceMonitor.java:62).authLog] 耗时操作:match:31128
[nioEventLoopGroup-3-4][2016-09-04 17:48:04,273][ERROR, (PerformanceMonitor.java:62).authLog] 耗时操作:roundOver:427
[nioEventLoopGroup-3-1][2016-09-05 23:24:34,589][ERROR, (BaseServer.java:489).onError] 客户端连接error:/127.0.0.1:1677=>/127.0.0.1:4887
[nioEventLoopGroup-3-2][2016-09-05 23:45:59,779][ERROR, (BaseServer.java:489).onError] 客户端连接error:/127.0.0.1:1885=>/127.0.0.1:4887
[nioEventLoopGroup-3-3][2016-09-05 23:47:39,641][ERROR, (BaseServer.java:489).onError] 客户端连接error:/127.0.0.1:3587=>/127.0.0.1:4887
[nioEventLoopGroup-3-4][2016-09-05 23:49:50,398][ERROR, (BaseServer.java:489).onError] 客户端连接error:/127.0.0.1:3615=>/127.0.0.1:4887
[nioEventLoopGroup-3-1][2016-09-05 23:50:07,432][ERROR, (BaseServer.java:489).onError] 客户端连接error:/127.0.0.1:3626=>/127.0.0.1:4887
[nioEventLoopGroup-3-2][2016-09-05 23:50:51,723][ERROR, (BaseServer.java:489).onError] 客户端连接error:/127.0.0.1:3633=>/127.0.0.1:4887
[nioEventLoopGroup-3-3][2016-09-05 23:51:04,676][ERROR, (BaseServer.java:489).onError] 客户端连接error:/127.0.0.1:3636=>/127.0.0.1:4887
[nioEventLoopGroup-3-4][2016-09-05 23:54:32,490][ERROR, (BaseServer.java:489).onError] 客户端连接error:/127.0.0.1:3641=>/127.0.0.1:4887
[nioEventLoopGroup-3-4][2016-09-05 23:58:39,318][ERROR, (BaseServer.java:489).onError] 客户端连接error:/127.0.0.1:3653=>/127.0.0.1:4887
[nioEventLoopGroup-3-2][2016-09-06 00:01:25,772][ERROR, (PerformanceMonitor.java:62).authLog] 耗时操作:auth:4704
[nioEventLoopGroup-3-1][2016-09-06 00:20:21,927][ERROR, (BaseServer.java:489).onError] 客户端连接error:/127.0.0.1:4087=>/127.0.0.1:4887
[nioEventLoopGroup-3-2][2016-09-06 00:22:05,383][ERROR, (BaseServer.java:489).onError] 客户端连接error:/127.0.0.1:4095=>/127.0.0.1:4887
[nioEventLoopGroup-3-3][2016-09-06 00:22:47,308][ERROR, (PerformanceMonitor.java:62).authLog] 耗时操作:auth:1366
[nioEventLoopGroup-3-3][2016-09-06 00:23:10,216][ERROR, (BaseServer.java:489).onError] 客户端连接error:/127.0.0.1:4098=>/127.0.0.1:4887
[nioEventLoopGroup-3-2][2016-09-06 01:16:25,192][ERROR, (BaseServer.java:489).onError] 客户端连接error:/127.0.0.1:5093=>/127.0.0.1:4887
[nioEventLoopGroup-3-3][2016-09-06 01:16:57,416][ERROR, (PerformanceMonitor.java:62).authLog] 耗时操作:auth:2003
[nioEventLoopGroup-3-4][2016-09-06 01:18:57,273][ERROR, (PerformanceMonitor.java:62).authLog] 耗时操作:auth:251
[nioEventLoopGroup-3-4][2016-09-06 01:19:01,340][ERROR, (BaseServer.java:489).onError] 客户端连接error:/127.0.0.1:5151=>/127.0.0.1:4887
[nioEventLoopGroup-3-1][2016-09-06 01:19:05,208][ERROR, (PerformanceMonitor.java:62).authLog] 耗时操作:auth:220
[nioEventLoopGroup-3-1][2016-09-06 01:19:10,159][ERROR, (BaseServer.java:489).onError] 客户端连接error:/127.0.0.1:5155=>/127.0.0.1:4887
[nioEventLoopGroup-3-2][2016-09-06 01:20:06,114][ERROR, (PerformanceMonitor.java:62).authLog] 耗时操作:auth:242
[nioEventLoopGroup-3-2][2016-09-06 01:20:12,191][ERROR, (BaseServer.java:489).onError] 客户端连接error:/127.0.0.1:5162=>/127.0.0.1:4887
[nioEventLoopGroup-3-3][2016-10-20 00:41:40,995][ERROR, (PerformanceMonitor.java:62).authLog] 耗时操作:auth:1455
[nioEventLoopGroup-3-2][2016-10-20 00:41:48,726][ERROR, (PerformanceMonitor.java:62).authLog] 耗时操作:auth:2071
[nioEventLoopGroup-3-2][2016-10-20 00:42:00,090][ERROR, (PerformanceMonitor.java:62).authLog] 耗时操作:match:5613
[nioEventLoopGroup-3-1][2016-10-20 00:43:58,716][ERROR, (PerformanceMonitor.java:62).authLog] 耗时操作:auth:382
[nioEventLoopGroup-3-4][2016-10-20 00:44:00,612][ERROR, (PerformanceMonitor.java:62).authLog] 耗时操作:auth:380
[nioEventLoopGroup-3-2][2016-10-20 00:50:53,223][ERROR, (PerformanceMonitor.java:62).authLog] 耗时操作:auth:2365
[nioEventLoopGroup-3-1][2016-10-20 00:50:55,181][ERROR, (PerformanceMonitor.java:62).authLog] 耗时操作:auth:2302
[nioEventLoopGroup-3-2][2016-10-20 00:51:05,056][ERROR, (PerformanceMonitor.java:62).authLog] 耗时操作:match:5515
[nioEventLoopGroup-3-1][2016-10-20 23:04:55,169][ERROR, (PerformanceMonitor.java:62).authLog] 耗时操作:auth:1331
[nioEventLoopGroup-3-2][2016-10-20 23:05:02,266][ERROR, (PerformanceMonitor.java:62).authLog] 耗时操作:auth:753
[nioEventLoopGroup-3-2][2016-10-20 23:05:08,274][ERROR, (PerformanceMonitor.java:62).authLog] 耗时操作:match:1722
[nioEventLoopGroup-3-3][2016-10-20 23:12:00,441][ERROR, (PerformanceMonitor.java:62).authLog] 耗时操作:auth:422
[nioEventLoopGroup-3-4][2016-10-20 23:12:21,766][ERROR, (PerformanceMonitor.java:62).authLog] 耗时操作:auth:425
[nioEventLoopGroup-3-1][2016-10-20 23:14:24,887][ERROR, (PerformanceMonitor.java:62).authLog] 耗时操作:auth:1270
[nioEventLoopGroup-3-2][2016-10-20 23:14:27,884][ERROR, (PerformanceMonitor.java:62).authLog] 耗时操作:auth:749
[nioEventLoopGroup-3-2][2016-10-20 23:14:34,776][ERROR, (PerformanceMonitor.java:62).authLog] 耗时操作:match:1936
[nioEventLoopGroup-3-4][2016-10-20 23:28:09,237][ERROR, (PerformanceMonitor.java:62).authLog] 耗时操作:auth:414
[nioEventLoopGroup-3-3][2016-10-20 23:28:12,093][ERROR, (PerformanceMonitor.java:62).authLog] 耗时操作:auth:409
[nioEventLoopGroup-3-1][2016-10-20 23:33:34,153][ERROR, (PerformanceMonitor.java:62).authLog] 耗时操作:auth:1378
[nioEventLoopGroup-3-2][2016-10-20 23:33:36,661][ERROR, (PerformanceMonitor.java:62).authLog] 耗时操作:auth:742
[nioEventLoopGroup-3-2][2016-10-20 23:33:43,284][ERROR, (PerformanceMonitor.java:62).authLog] 耗时操作:match:2700
[nioEventLoopGroup-3-2][2016-10-20 23:34:24,895][ERROR, (PerformanceMonitor.java:62).authLog] 耗时操作:ejection:35545
[nioEventLoopGroup-3-2][2016-10-20 23:34:47,027][ERROR, (PerformanceMonitor.java:62).authLog] 耗时操作:ejection:4738
[nioEventLoopGroup-3-2][2016-10-20 23:35:26,217][ERROR, (PerformanceMonitor.java:62).authLog] 耗时操作:ejection:13697
[nioEventLoopGroup-3-3][2016-10-20 23:37:06,031][ERROR, (PerformanceMonitor.java:62).authLog] 耗时操作:auth:409
[nioEventLoopGroup-3-4][2016-10-20 23:37:22,105][ERROR, (PerformanceMonitor.java:62).authLog] 耗时操作:auth:429
[nioEventLoopGroup-3-3][2016-10-20 23:37:36,188][ERROR, (PerformanceMonitor.java:62).authLog] 耗时操作:ejection:4784
[nioEventLoopGroup-3-1][2016-10-20 23:39:12,405][ERROR, (PerformanceMonitor.java:62).authLog] 耗时操作:auth:164
[nioEventLoopGroup-3-2][2016-10-20 23:39:15,554][ERROR, (PerformanceMonitor.java:62).authLog] 耗时操作:auth:166
[nioEventLoopGroup-3-3][2016-10-20 23:41:04,531][ERROR, (PerformanceMonitor.java:62).authLog] 耗时操作:auth:162
[nioEventLoopGroup-3-4][2016-10-20 23:41:10,027][ERROR, (PerformanceMonitor.java:62).authLog] 耗时操作:auth:163
[nioEventLoopGroup-3-1][2016-10-20 23:56:57,311][ERROR, (PerformanceMonitor.java:62).authLog] 耗时操作:auth:1441
[nioEventLoopGroup-3-2][2016-10-20 23:57:05,001][ERROR, (PerformanceMonitor.java:62).authLog] 耗时操作:auth:734
[nioEventLoopGroup-3-2][2016-10-20 23:57:10,457][ERROR, (PerformanceMonitor.java:62).authLog] 耗时操作:match:3300
[nioEventLoopGroup-3-3][2016-10-21 00:06:37,734][ERROR, (PerformanceMonitor.java:62).authLog] 耗时操作:auth:423
[nioEventLoopGroup-3-4][2016-10-21 00:06:41,582][ERROR, (PerformanceMonitor.java:62).authLog] 耗时操作:auth:418
[nioEventLoopGroup-3-1][2016-10-21 00:11:34,797][ERROR, (PerformanceMonitor.java:62).authLog] 耗时操作:auth:187
[nioEventLoopGroup-3-2][2016-10-21 00:11:40,756][ERROR, (PerformanceMonitor.java:62).authLog] 耗时操作:auth:169
[nioEventLoopGroup-3-3][2016-10-21 00:14:00,576][ERROR, (PerformanceMonitor.java:62).authLog] 耗时操作:auth:163
[nioEventLoopGroup-3-4][2016-10-21 00:14:16,202][ERROR, (PerformanceMonitor.java:62).authLog] 耗时操作:auth:165
[nioEventLoopGroup-3-1][2016-10-21 00:19:18,494][ERROR, (PerformanceMonitor.java:62).authLog] 耗时操作:auth:166
[nioEventLoopGroup-3-2][2016-10-21 00:19:29,697][ERROR, (PerformanceMonitor.java:62).authLog] 耗时操作:auth:164
[nioEventLoopGroup-3-3][2016-10-21 00:23:11,204][ERROR, (PerformanceMonitor.java:62).authLog] 耗时操作:auth:168
[nioEventLoopGroup-3-4][2016-10-21 00:23:22,215][ERROR, (PerformanceMonitor.java:62).authLog] 耗时操作:auth:163
[nioEventLoopGroup-3-1][2016-10-21 00:24:22,297][ERROR, (PerformanceMonitor.java:62).authLog] 耗时操作:auth:180
[nioEventLoopGroup-3-2][2016-10-21 00:24:32,567][ERROR, (PerformanceMonitor.java:62).authLog] 耗时操作:auth:162
[nioEventLoopGroup-3-3][2016-10-21 00:25:57,158][ERROR, (PerformanceMonitor.java:62).authLog] 耗时操作:auth:164
[nioEventLoopGroup-3-4][2016-10-21 00:26:13,132][ERROR, (PerformanceMonitor.java:62).authLog] 耗时操作:auth:166
[nioEventLoopGroup-3-1][2016-10-21 00:28:24,767][ERROR, (PerformanceMonitor.java:62).authLog] 耗时操作:auth:167
[nioEventLoopGroup-3-2][2016-10-21 00:28:32,875][ERROR, (PerformanceMonitor.java:62).authLog] 耗时操作:auth:164
[nioEventLoopGroup-3-3][2016-10-21 00:40:51,604][ERROR, (PerformanceMonitor.java:62).authLog] 耗时操作:auth:167
[nioEventLoopGroup-3-4][2016-10-21 00:40:57,759][ERROR, (PerformanceMonitor.java:62).authLog] 耗时操作:auth:163
[nioEventLoopGroup-3-1][2016-10-21 00:44:15,450][ERROR, (PerformanceMonitor.java:62).authLog] 耗时操作:auth:166
[nioEventLoopGroup-3-2][2016-10-21 00:44:26,007][ERROR, (PerformanceMonitor.java:62).authLog] 耗时操作:auth:162
[nioEventLoopGroup-3-4][2016-10-21 00:46:25,547][ERROR, (PerformanceMonitor.java:62).authLog] 耗时操作:auth:183
[nioEventLoopGroup-3-1][2016-10-21 00:53:12,953][ERROR, (PerformanceMonitor.java:62).authLog] 耗时操作:auth:152
[nioEventLoopGroup-3-3][2016-10-21 00:56:41,826][ERROR, (PerformanceMonitor.java:62).authLog] 耗时操作:auth:151
[nioEventLoopGroup-3-2][2016-10-21 00:56:48,124][ERROR, (PerformanceMonitor.java:62).authLog] 耗时操作:auth:150
[nioEventLoopGroup-3-4][2016-10-21 00:58:26,594][ERROR, (PerformanceMonitor.java:62).authLog] 耗时操作:auth:151
[nioEventLoopGroup-3-1][2016-10-21 00:58:38,680][ERROR, (PerformanceMonitor.java:62).authLog] 耗时操作:auth:152
[nioEventLoopGroup-3-2][2016-10-21 00:59:31,982][ERROR, (PerformanceMonitor.java:62).authLog] 耗时操作:auth:148
[nioEventLoopGroup-3-3][2016-10-21 00:59:41,451][ERROR, (PerformanceMonitor.java:62).authLog] 耗时操作:auth:158
[nioEventLoopGroup-3-4][2016-10-21 01:02:12,404][ERROR, (PerformanceMonitor.java:62).authLog] 耗时操作:auth:151
[nioEventLoopGroup-3-1][2016-10-21 01:02:39,384][ERROR, (PerformanceMonitor.java:62).authLog] 耗时操作:auth:151
[nioEventLoopGroup-3-2][2016-10-21 01:02:45,153][ERROR, (PerformanceMonitor.java:62).authLog] 耗时操作:auth:163
[nioEventLoopGroup-3-3][2016-10-21 01:20:32,723][ERROR, (PerformanceMonitor.java:62).authLog] 耗时操作:auth:153
[nioEventLoopGroup-3-4][2016-10-21 01:20:38,501][ERROR, (PerformanceMonitor.java:62).authLog] 耗时操作:auth:162
[nioEventLoopGroup-3-1][2016-10-21 22:59:31,634][ERROR, (PerformanceMonitor.java:62).authLog] 耗时操作:auth:1319
[nioEventLoopGroup-3-2][2016-10-21 22:59:45,298][ERROR, (PerformanceMonitor.java:62).authLog] 耗时操作:auth:605
[nioEventLoopGroup-3-2][2016-10-21 22:59:50,699][ERROR, (PerformanceMonitor.java:62).authLog] 耗时操作:match:3181
[nioEventLoopGroup-3-3][2016-10-21 23:03:38,599][ERROR, (PerformanceMonitor.java:62).authLog] 耗时操作:auth:301
[nioEventLoopGroup-3-4][2016-10-21 23:03:44,139][ERROR, (PerformanceMonitor.java:62).authLog] 耗时操作:auth:306
[nioEventLoopGroup-3-1][2016-10-21 23:04:28,331][ERROR, (PerformanceMonitor.java:62).authLog] 耗时操作:auth:121
[nioEventLoopGroup-3-2][2016-10-21 23:04:41,744][ERROR, (PerformanceMonitor.java:62).authLog] 耗时操作:auth:121
[nioEventLoopGroup-3-3][2016-10-21 23:08:54,010][ERROR, (PerformanceMonitor.java:62).authLog] 耗时操作:auth:119
[nioEventLoopGroup-3-4][2016-10-21 23:08:59,442][ERROR, (PerformanceMonitor.java:62).authLog] 耗时操作:auth:121
[nioEventLoopGroup-3-1][2016-10-21 23:10:02,609][ERROR, (PerformanceMonitor.java:62).authLog] 耗时操作:auth:122
[nioEventLoopGroup-3-2][2016-10-21 23:10:08,210][ERROR, (PerformanceMonitor.java:62).authLog] 耗时操作:auth:123
[nioEventLoopGroup-3-3][2016-10-21 23:34:11,851][ERROR, (PerformanceMonitor.java:62).authLog] 耗时操作:auth:120
[nioEventLoopGroup-3-4][2016-10-21 23:34:25,924][ERROR, (PerformanceMonitor.java:62).authLog] 耗时操作:auth:124
[nioEventLoopGroup-3-1][2016-10-21 23:36:36,386][ERROR, (PerformanceMonitor.java:62).authLog] 耗时操作:auth:123
[nioEventLoopGroup-3-2][2016-10-21 23:36:41,639][ERROR, (PerformanceMonitor.java:62).authLog] 耗时操作:auth:119
[nioEventLoopGroup-3-3][2016-10-21 23:48:32,123][ERROR, (PerformanceMonitor.java:62).authLog] 耗时操作:auth:123
[nioEventLoopGroup-3-4][2016-10-21 23:48:37,102][ERROR, (PerformanceMonitor.java:62).authLog] 耗时操作:auth:125
[nioEventLoopGroup-3-3][2016-10-21 23:49:03,345][ERROR, (PerformanceMonitor.java:62).authLog] 耗时操作:roundOver:689
[nioEventLoopGroup-3-2][2016-10-21 23:51:59,682][ERROR, (PerformanceMonitor.java:62).authLog] 耗时操作:auth:120
[nioEventLoopGroup-3-3][2016-10-21 23:52:10,436][ERROR, (PerformanceMonitor.java:62).authLog] 耗时操作:auth:125
[nioEventLoopGroup-3-1][2016-10-21 23:52:57,109][ERROR, (PerformanceMonitor.java:62).authLog] 耗时操作:auth:122
[nioEventLoopGroup-3-3][2016-10-21 23:52:58,688][ERROR, (PerformanceMonitor.java:62).authLog] 耗时操作:action:5130
[nioEventLoopGroup-3-1][2016-10-21 23:53:30,989][ERROR, (PerformanceMonitor.java:62).authLog] 耗时操作:auth:121
[nioEventLoopGroup-3-2][2016-10-21 23:53:41,617][ERROR, (PerformanceMonitor.java:62).authLog] 耗时操作:auth:119
[nioEventLoopGroup-3-3][2016-10-22 00:15:43,690][ERROR, (PerformanceMonitor.java:62).authLog] 耗时操作:auth:118
[nioEventLoopGroup-3-4][2016-10-22 00:15:55,049][ERROR, (PerformanceMonitor.java:62).authLog] 耗时操作:auth:120
[nioEventLoopGroup-3-1][2016-10-22 00:19:00,889][ERROR, (PerformanceMonitor.java:62).authLog] 耗时操作:auth:127
[nioEventLoopGroup-3-2][2016-10-22 00:19:06,293][ERROR, (PerformanceMonitor.java:62).authLog] 耗时操作:auth:120
[nioEventLoopGroup-3-3][2016-10-22 00:19:49,347][ERROR, (PerformanceMonitor.java:62).authLog] 耗时操作:auth:116
[nioEventLoopGroup-3-1][2016-10-22 00:20:18,061][ERROR, (PerformanceMonitor.java:62).authLog] 耗时操作:auth:122
[nioEventLoopGroup-3-4][2016-10-22 00:28:14,499][ERROR, (PerformanceMonitor.java:62).authLog] 耗时操作:auth:120
[nioEventLoopGroup-3-2][2016-10-22 00:28:47,669][ERROR, (PerformanceMonitor.java:62).authLog] 耗时操作:auth:309
[nioEventLoopGroup-3-3][2016-10-22 00:34:01,005][ERROR, (PerformanceMonitor.java:62).authLog] 耗时操作:auth:303
[nioEventLoopGroup-3-4][2016-10-22 00:34:06,402][ERROR, (PerformanceMonitor.java:62).authLog] 耗时操作:auth:122
[nioEventLoopGroup-3-1][2016-10-22 00:41:44,807][ERROR, (PerformanceMonitor.java:62).authLog] 耗时操作:auth:117
[nioEventLoopGroup-3-2][2016-10-22 00:41:55,596][ERROR, (PerformanceMonitor.java:62).authLog] 耗时操作:auth:124
[nioEventLoopGroup-3-3][2016-10-22 00:43:29,906][ERROR, (PerformanceMonitor.java:62).authLog] 耗时操作:auth:123
[nioEventLoopGroup-3-4][2016-10-22 00:43:41,701][ERROR, (PerformanceMonitor.java:62).authLog] 耗时操作:auth:120
[nioEventLoopGroup-3-1][2016-10-22 00:44:54,312][ERROR, (PerformanceMonitor.java:62).authLog] 耗时操作:auth:119
[nioEventLoopGroup-3-2][2016-10-22 00:45:00,157][ERROR, (PerformanceMonitor.java:62).authLog] 耗时操作:auth:121
[nioEventLoopGroup-3-4][2016-10-22 00:55:15,072][ERROR, (PerformanceMonitor.java:62).authLog] 耗时操作:auth:121
[nioEventLoopGroup-3-3][2016-10-22 00:55:20,777][ERROR, (PerformanceMonitor.java:62).authLog] 耗时操作:auth:125
[nioEventLoopGroup-3-1][2016-10-22 00:57:45,714][ERROR, (PerformanceMonitor.java:62).authLog] 耗时操作:auth:132
[nioEventLoopGroup-3-2][2016-10-22 00:57:50,878][ERROR, (PerformanceMonitor.java:62).authLog] 耗时操作:auth:121
[nioEventLoopGroup-3-3][2016-10-22 00:59:36,611][ERROR, (PerformanceMonitor.java:62).authLog] 耗时操作:auth:121
[nioEventLoopGroup-3-4][2016-10-22 00:59:47,801][ERROR, (PerformanceMonitor.java:62).authLog] 耗时操作:auth:119
[nioEventLoopGroup-3-2][2016-10-22 01:03:57,447][ERROR, (PerformanceMonitor.java:62).authLog] 耗时操作:auth:126
[nioEventLoopGroup-3-1][2016-10-22 01:04:02,858][ERROR, (PerformanceMonitor.java:62).authLog] 耗时操作:auth:121
[nioEventLoopGroup-3-3][2016-10-22 01:05:24,628][ERROR, (PerformanceMonitor.java:62).authLog] 耗时操作:auth:118
[nioEventLoopGroup-3-4][2016-10-22 01:05:35,746][ERROR, (PerformanceMonitor.java:62).authLog] 耗时操作:auth:121
[nioEventLoopGroup-3-3][2016-10-22 01:07:38,485][ERROR, (BaseServer.java:489).onError] 客户端连接error:/192.168.16.102:15674=>/192.168.16.102:4887
[nioEventLoopGroup-3-1][2016-10-22 01:08:29,951][ERROR, (PerformanceMonitor.java:62).authLog] 耗时操作:auth:121
[nioEventLoopGroup-3-2][2016-10-22 01:08:58,717][ERROR, (PerformanceMonitor.java:62).authLog] 耗时操作:auth:119
[nioEventLoopGroup-3-3][2016-10-22 01:12:36,979][ERROR, (PerformanceMonitor.java:62).authLog] 耗时操作:auth:120
[nioEventLoopGroup-3-4][2016-10-22 01:12:42,738][ERROR, (PerformanceMonitor.java:62).authLog] 耗时操作:auth:121
[nioEventLoopGroup-3-1][2016-10-22 01:18:52,099][ERROR, (BaseServer.java:489).onError] 客户端连接error:/192.168.16.102:15787=>/192.168.16.102:4887
[nioEventLoopGroup-3-2][2016-10-22 01:19:31,882][ERROR, (PerformanceMonitor.java:62).authLog] 耗时操作:auth:122
[nioEventLoopGroup-3-3][2016-10-22 01:20:05,824][ERROR, (PerformanceMonitor.java:62).authLog] 耗时操作:auth:118
[nioEventLoopGroup-3-4][2016-10-22 01:22:41,255][ERROR, (PerformanceMonitor.java:62).authLog] 耗时操作:auth:125
[nioEventLoopGroup-3-2][2016-10-22 01:23:08,754][ERROR, (PerformanceMonitor.java:62).authLog] 耗时操作:auth:120
[nioEventLoopGroup-3-3][2016-10-22 01:26:15,483][ERROR, (PerformanceMonitor.java:62).authLog] 耗时操作:auth:119
[nioEventLoopGroup-3-4][2016-10-22 01:26:28,508][ERROR, (PerformanceMonitor.java:62).authLog] 耗时操作:auth:121
[nioEventLoopGroup-3-1][2016-10-22 01:27:22,973][ERROR, (PerformanceMonitor.java:62).authLog] 耗时操作:auth:124
[nioEventLoopGroup-3-2][2016-10-22 01:27:28,960][ERROR, (PerformanceMonitor.java:62).authLog] 耗时操作:auth:126
[nioEventLoopGroup-3-3][2016-10-22 01:29:31,438][ERROR, (PerformanceMonitor.java:62).authLog] 耗时操作:auth:120
[nioEventLoopGroup-3-4][2016-10-22 01:29:43,019][ERROR, (PerformanceMonitor.java:62).authLog] 耗时操作:auth:130
[main][2016-10-22 12:39:07,684][WARN, (AbstractApplicationContext.java:546).refresh] Exception encountered during context initialization - cancelling refresh attempt: org.springframework.beans.factory.BeanCreationException: Error creating bean with name 'logService': Injection of autowired dependencies failed; nested exception is org.springframework.beans.factory.BeanCreationException: Could not autowire field: private org.ngame.util.HibernateDao org.ngame.service.LogService.dao; nested exception is org.springframework.beans.factory.BeanCreationException: Error creating bean with name 'hibernateDao': Injection of autowired dependencies failed; nested exception is org.springframework.beans.factory.BeanCreationException: Could not autowire field: private org.hibernate.SessionFactory org.ngame.util.HibernateDao.sessionFactory; nested exception is org.springframework.beans.factory.NoSuchBeanDefinitionException: No qualifying bean of type [org.hibernate.SessionFactory] found for dependency: expected at least 1 bean which qualifies as autowire candidate for this dependency. Dependency annotations: {@org.springframework.beans.factory.annotation.Autowired(required=true)}
[main][2016-10-22 12:39:07,691][ERROR, (Application.java:97).<clinit>] 读取系统配置文件失败
[main][2016-10-22 12:39:45,305][WARN, (AbstractApplicationContext.java:546).refresh] Exception encountered during context initialization - cancelling refresh attempt: org.springframework.beans.factory.BeanCreationException: Error creating bean with name 'hibernateDao': Injection of autowired dependencies failed; nested exception is org.springframework.beans.factory.BeanCreationException: Could not autowire field: private org.hibernate.SessionFactory org.ngame.util.HibernateDao.sessionFactory; nested exception is org.springframework.beans.factory.NoSuchBeanDefinitionException: No qualifying bean of type [org.hibernate.SessionFactory] found for dependency: expected at least 1 bean which qualifies as autowire candidate for this dependency. Dependency annotations: {@org.springframework.beans.factory.annotation.Autowired(required=true)}
[main][2016-10-22 12:39:45,315][ERROR, (Application.java:97).<clinit>] 读取系统配置文件失败
[main][2016-10-22 21:53:14,492][WARN, (AbstractApplicationContext.java:546).refresh] Exception encountered during context initialization - cancelling refresh attempt: org.springframework.beans.factory.BeanCreationException: Error creating bean with name 'hibernateDao': Injection of autowired dependencies failed; nested exception is org.springframework.beans.factory.BeanCreationException: Could not autowire field: private org.hibernate.SessionFactory org.ngame.util.HibernateDao.sessionFactory; nested exception is org.springframework.beans.factory.NoSuchBeanDefinitionException: No qualifying bean of type [org.hibernate.SessionFactory] found for dependency: expected at least 1 bean which qualifies as autowire candidate for this dependency. Dependency annotations: {@org.springframework.beans.factory.annotation.Autowired(required=true)}
[main][2016-10-22 21:53:14,539][ERROR, (Application.java:97).<clinit>] 读取系统配置文件失败
[main][2016-10-22 21:53:41,669][WARN, (AbstractApplicationContext.java:546).refresh] Exception encountered during context initialization - cancelling refresh attempt: org.springframework.beans.factory.BeanCreationException: Error creating bean with name 'hibernateDao': Injection of autowired dependencies failed; nested exception is org.springframework.beans.factory.BeanCreationException: Could not autowire field: private org.hibernate.SessionFactory org.ngame.util.HibernateDao.sessionFactory; nested exception is org.springframework.beans.factory.NoSuchBeanDefinitionException: No qualifying bean of type [org.hibernate.SessionFactory] found for dependency: expected at least 1 bean which qualifies as autowire candidate for this dependency. Dependency annotations: {@org.springframework.beans.factory.annotation.Autowired(required=true)}
[main][2016-10-22 21:53:41,690][ERROR, (Application.java:97).<clinit>] 读取系统配置文件失败
[main][2016-10-22 21:55:08,638][WARN, (AbstractApplicationContext.java:546).refresh] Exception encountered during context initialization - cancelling refresh attempt: org.springframework.beans.factory.BeanCreationException: Error creating bean with name 'hibernateDao': Injection of autowired dependencies failed; nested exception is org.springframework.beans.factory.BeanCreationException: Could not autowire field: private org.hibernate.SessionFactory org.ngame.util.HibernateDao.sessionFactory; nested exception is org.springframework.beans.factory.NoSuchBeanDefinitionException: No qualifying bean of type [org.hibernate.SessionFactory] found for dependency: expected at least 1 bean which qualifies as autowire candidate for this dependency. Dependency annotations: {@org.springframework.beans.factory.annotation.Autowired(required=true)}
[main][2016-10-22 21:55:08,652][ERROR, (Application.java:97).<clinit>] 读取系统配置文件失败
[main][2016-10-22 21:56:00,245][WARN, (AbstractApplicationContext.java:546).refresh] Exception encountered during context initialization - cancelling refresh attempt: org.springframework.beans.factory.BeanCreationException: Error creating bean with name 'hibernateDao': Injection of autowired dependencies failed; nested exception is org.springframework.beans.factory.BeanCreationException: Could not autowire field: private org.hibernate.SessionFactory org.ngame.util.HibernateDao.sessionFactory; nested exception is org.springframework.beans.factory.NoSuchBeanDefinitionException: No qualifying bean of type [org.hibernate.SessionFactory] found for dependency: expected at least 1 bean which qualifies as autowire candidate for this dependency. Dependency annotations: {@org.springframework.beans.factory.annotation.Autowired(required=true)}
[nioEventLoopGroup-3-2][2016-10-22 21:59:47,515][ERROR, (PerformanceMonitor.java:62).authLog] 耗时操作:auth:1502
[nioEventLoopGroup-3-1][2016-10-22 21:59:56,219][ERROR, (PerformanceMonitor.java:62).authLog] 耗时操作:auth:540
[nioEventLoopGroup-3-2][2016-10-22 22:00:05,371][ERROR, (PerformanceMonitor.java:62).authLog] 耗时操作:match:3159
[nioEventLoopGroup-3-2][2016-10-22 22:00:29,273][ERROR, (PerformanceMonitor.java:62).authLog] 耗时操作:roundOver:487
[nioEventLoopGroup-3-3][2016-10-22 22:04:35,189][ERROR, (PerformanceMonitor.java:62).authLog] 耗时操作:auth:304
[nioEventLoopGroup-3-4][2016-10-22 22:04:41,331][ERROR, (PerformanceMonitor.java:62).authLog] 耗时操作:auth:302
[nioEventLoopGroup-3-4][2016-10-22 23:03:15,794][ERROR, (PerformanceMonitor.java:62).authLog] 耗时操作:auth:130
[nioEventLoopGroup-3-1][2016-10-22 23:03:22,299][ERROR, (PerformanceMonitor.java:62).authLog] 耗时操作:auth:122
[nioEventLoopGroup-3-2][2016-10-22 23:08:43,071][ERROR, (PerformanceMonitor.java:62).authLog] 耗时操作:auth:135
[nioEventLoopGroup-3-3][2016-10-22 23:08:53,542][ERROR, (PerformanceMonitor.java:62).authLog] 耗时操作:auth:122
[nioEventLoopGroup-3-4][2016-10-22 23:19:17,132][ERROR, (PerformanceMonitor.java:62).authLog] 耗时操作:auth:121
[nioEventLoopGroup-3-1][2016-10-22 23:19:28,071][ERROR, (PerformanceMonitor.java:62).authLog] 耗时操作:auth:119
[nioEventLoopGroup-3-1][2016-10-24 23:40:39,327][ERROR, (PerformanceMonitor.java:62).authLog] 耗时操作:auth:1114
[nioEventLoopGroup-3-2][2016-10-24 23:40:44,249][ERROR, (PerformanceMonitor.java:62).authLog] 耗时操作:auth:510
[nioEventLoopGroup-3-2][2016-10-24 23:40:47,930][ERROR, (PerformanceMonitor.java:62).authLog] 耗时操作:match:1617
[nioEventLoopGroup-3-1][2016-10-24 23:41:51,680][ERROR, (PerformanceMonitor.java:62).authLog] 耗时操作:roundOver:565
[nioEventLoopGroup-3-3][2016-10-24 23:43:21,814][ERROR, (PerformanceMonitor.java:62).authLog] 耗时操作:auth:293
[nioEventLoopGroup-3-4][2016-10-24 23:43:27,829][ERROR, (PerformanceMonitor.java:62).authLog] 耗时操作:auth:299
[nioEventLoopGroup-3-1][2016-10-24 23:50:52,621][ERROR, (PerformanceMonitor.java:62).authLog] 耗时操作:auth:120
[nioEventLoopGroup-3-2][2016-10-24 23:50:57,531][ERROR, (PerformanceMonitor.java:62).authLog] 耗时操作:auth:116
[nioEventLoopGroup-3-3][2016-10-24 23:55:59,232][ERROR, (PerformanceMonitor.java:62).authLog] 耗时操作:auth:117
[nioEventLoopGroup-3-4][2016-10-24 23:56:04,387][ERROR, (PerformanceMonitor.java:62).authLog] 耗时操作:auth:120
[nioEventLoopGroup-3-1][2016-10-24 23:58:13,840][ERROR, (PerformanceMonitor.java:62).authLog] 耗时操作:auth:120
[nioEventLoopGroup-3-2][2016-10-24 23:58:22,888][ERROR, (PerformanceMonitor.java:62).authLog] 耗时操作:auth:116
[nioEventLoopGroup-3-3][2016-10-24 23:59:41,487][ERROR, (PerformanceMonitor.java:62).authLog] 耗时操作:auth:117
[nioEventLoopGroup-3-4][2016-10-24 23:59:51,054][ERROR, (PerformanceMonitor.java:62).authLog] 耗时操作:auth:121
[nioEventLoopGroup-3-1][2016-10-25 00:05:17,975][ERROR, (PerformanceMonitor.java:62).authLog] 耗时操作:auth:120
[nioEventLoopGroup-3-2][2016-10-25 00:05:30,946][ERROR, (PerformanceMonitor.java:62).authLog] 耗时操作:auth:118
[nioEventLoopGroup-3-4][2016-10-25 00:08:06,090][ERROR, (PerformanceMonitor.java:62).authLog] 耗时操作:auth:120
[nioEventLoopGroup-3-3][2016-10-25 00:08:09,156][ERROR, (PerformanceMonitor.java:62).authLog] 耗时操作:auth:118
[nioEventLoopGroup-3-2][2016-10-25 00:12:00,664][ERROR, (PerformanceMonitor.java:62).authLog] 耗时操作:auth:824
[nioEventLoopGroup-3-3][2016-10-25 00:12:15,048][ERROR, (PerformanceMonitor.java:62).authLog] 耗时操作:auth:457
[nioEventLoopGroup-3-3][2016-10-25 00:12:19,703][ERROR, (PerformanceMonitor.java:62).authLog] 耗时操作:match:1563
[nioEventLoopGroup-3-3][2016-10-25 00:12:34,278][ERROR, (PerformanceMonitor.java:62).authLog] 耗时操作:roundOver:317
[nioEventLoopGroup-3-4][2016-10-25 00:15:46,892][ERROR, (PerformanceMonitor.java:62).authLog] 耗时操作:auth:249
[nioEventLoopGroup-3-2][2016-10-25 00:16:56,776][ERROR, (PerformanceMonitor.java:62).authLog] 耗时操作:auth:100
[nioEventLoopGroup-3-3][2016-10-25 00:17:05,980][ERROR, (PerformanceMonitor.java:62).authLog] 耗时操作:auth:105
[nioEventLoopGroup-3-4][2016-10-25 00:18:04,562][ERROR, (PerformanceMonitor.java:62).authLog] 耗时操作:auth:104
[nioEventLoopGroup-3-1][2016-10-25 00:18:16,611][ERROR, (PerformanceMonitor.java:62).authLog] 耗时操作:auth:250
[nioEventLoopGroup-3-2][2016-10-25 00:22:14,864][ERROR, (PerformanceMonitor.java:62).authLog] 耗时操作:auth:100
[nioEventLoopGroup-3-3][2016-10-25 00:22:30,436][ERROR, (PerformanceMonitor.java:62).authLog] 耗时操作:auth:102
[nioEventLoopGroup-3-1][2016-10-25 00:26:08,265][ERROR, (PerformanceMonitor.java:62).authLog] 耗时操作:auth:1025
[nioEventLoopGroup-3-2][2016-10-25 00:26:20,768][ERROR, (PerformanceMonitor.java:62).authLog] 耗时操作:auth:449
[nioEventLoopGroup-3-2][2016-10-25 00:26:42,665][ERROR, (PerformanceMonitor.java:62).authLog] 耗时操作:match:19696
[nioEventLoopGroup-3-2][2016-10-25 00:27:08,231][ERROR, (PerformanceMonitor.java:62).authLog] 耗时操作:roundOver:358
[nioEventLoopGroup-3-1][2016-10-25 00:27:58,346][ERROR, (PerformanceMonitor.java:62).authLog] 耗时操作:action:33543
[nioEventLoopGroup-3-1][2016-10-25 00:28:24,332][ERROR, (PerformanceMonitor.java:62).authLog] 耗时操作:action:6939
[nioEventLoopGroup-3-1][2016-10-25 00:32:46,861][ERROR, (PerformanceMonitor.java:62).authLog] 耗时操作:auth:1434
[nioEventLoopGroup-3-2][2016-10-25 00:32:57,941][ERROR, (PerformanceMonitor.java:62).authLog] 耗时操作:auth:583
[nioEventLoopGroup-3-1][2016-10-25 00:33:29,788][ERROR, (PerformanceMonitor.java:62).authLog] 耗时操作:match:24791
[nioEventLoopGroup-3-1][2016-10-25 00:33:47,490][ERROR, (PerformanceMonitor.java:62).authLog] 耗时操作:roundOver:451
[nioEventLoopGroup-3-3][2016-10-25 00:36:18,108][ERROR, (PerformanceMonitor.java:62).authLog] 耗时操作:auth:285
[nioEventLoopGroup-3-4][2016-10-25 00:36:28,243][ERROR, (PerformanceMonitor.java:62).authLog] 耗时操作:auth:307
[nioEventLoopGroup-3-1][2016-10-25 00:41:24,809][ERROR, (PerformanceMonitor.java:62).authLog] 耗时操作:auth:106
[nioEventLoopGroup-3-2][2016-10-25 00:41:42,699][ERROR, (PerformanceMonitor.java:62).authLog] 耗时操作:auth:110
[nioEventLoopGroup-3-1][2016-10-25 00:43:32,346][ERROR, (PerformanceMonitor.java:62).authLog] 耗时操作:ejection:81271
[nioEventLoopGroup-3-2][2016-10-25 00:44:13,613][ERROR, (PerformanceMonitor.java:62).authLog] 耗时操作:ejection:27576
[nioEventLoopGroup-3-1][2016-10-25 00:45:14,197][ERROR, (PerformanceMonitor.java:62).authLog] 耗时操作:action:45203
[nioEventLoopGroup-3-3][2016-10-25 00:53:32,718][ERROR, (PerformanceMonitor.java:62).authLog] 耗时操作:auth:115
[nioEventLoopGroup-3-4][2016-10-25 00:53:51,739][ERROR, (PerformanceMonitor.java:62).authLog] 耗时操作:auth:125
[nioEventLoopGroup-3-1][2016-10-25 00:55:00,881][ERROR, (PerformanceMonitor.java:62).authLog] 耗时操作:auth:104
[nioEventLoopGroup-3-2][2016-10-25 00:55:11,606][ERROR, (PerformanceMonitor.java:62).authLog] 耗时操作:auth:110
[nioEventLoopGroup-3-4][2016-10-25 00:59:57,766][ERROR, (PerformanceMonitor.java:62).authLog] 耗时操作:auth:127
[nioEventLoopGroup-3-3][2016-10-25 01:00:03,117][ERROR, (PerformanceMonitor.java:62).authLog] 耗时操作:auth:115
[nioEventLoopGroup-3-3][2016-10-25 01:03:53,186][ERROR, (PerformanceMonitor.java:62).authLog] 耗时操作:action:205283
[nioEventLoopGroup-3-1][2016-10-25 01:20:35,042][ERROR, (PerformanceMonitor.java:62).authLog] 耗时操作:auth:1198
[nioEventLoopGroup-3-1][2016-10-25 01:20:41,768][ERROR, (PerformanceMonitor.java:62).authLog] 耗时操作:match:4462
[nioEventLoopGroup-3-2][2016-10-25 01:21:01,463][ERROR, (PerformanceMonitor.java:62).authLog] 耗时操作:auth:470
[nioEventLoopGroup-3-2][2016-10-25 01:21:36,903][ERROR, (PerformanceMonitor.java:62).authLog] 耗时操作:match:33161
[nioEventLoopGroup-3-2][2016-10-25 01:21:52,008][ERROR, (PerformanceMonitor.java:62).authLog] 耗时操作:roundOver:450
[nioEventLoopGroup-3-1][2016-10-25 01:22:08,347][ERROR, (PerformanceMonitor.java:62).authLog] 耗时操作:action:6062
[nioEventLoopGroup-3-1][2016-10-25 01:22:37,491][ERROR, (PerformanceMonitor.java:62).authLog] 耗时操作:action:1943
[nioEventLoopGroup-3-3][2016-10-25 01:25:53,379][ERROR, (PerformanceMonitor.java:62).authLog] 耗时操作:auth:252
[nioEventLoopGroup-3-4][2016-10-25 01:26:04,178][ERROR, (PerformanceMonitor.java:62).authLog] 耗时操作:auth:257
[nioEventLoopGroup-3-1][2016-10-25 01:26:14,455][ERROR, (PerformanceMonitor.java:62).authLog] 耗时操作:auth:110
[nioEventLoopGroup-3-2][2016-10-25 01:29:31,427][ERROR, (PerformanceMonitor.java:62).authLog] 耗时操作:auth:107
[nioEventLoopGroup-3-3][2016-10-25 01:29:47,291][ERROR, (PerformanceMonitor.java:62).authLog] 耗时操作:auth:103
[nioEventLoopGroup-3-4][2016-10-25 01:47:50,108][ERROR, (PerformanceMonitor.java:62).authLog] 耗时操作:auth:104
[nioEventLoopGroup-3-1][2016-10-25 01:48:00,822][ERROR, (PerformanceMonitor.java:62).authLog] 耗时操作:auth:110
[nioEventLoopGroup-3-2][2016-10-25 01:50:01,791][ERROR, (PerformanceMonitor.java:62).authLog] 耗时操作:auth:105
[nioEventLoopGroup-3-3][2016-10-25 01:50:12,431][ERROR, (PerformanceMonitor.java:62).authLog] 耗时操作:auth:101
[nioEventLoopGroup-3-1][2016-10-26 01:18:39,873][ERROR, (PerformanceMonitor.java:62).authLog] 耗时操作:auth:1219
[nioEventLoopGroup-3-2][2016-10-26 01:20:32,072][ERROR, (PerformanceMonitor.java:62).authLog] 耗时操作:auth:529
[nioEventLoopGroup-3-1][2016-10-26 17:51:02,740][ERROR, (PerformanceMonitor.java:63).authLog] 耗时操作:auth:5334
